23:01:38.587 [main] DEBUG io.netty.util.internal.logging.InternalLoggerFactory - Using Log4J2 as the default logging framework
23:01:38.598 [main] DEBUG io.netty.util.ResourceLeakDetector - -Dio.netty.leakDetection.level: simple
23:01:38.599 [main] DEBUG io.netty.util.ResourceLeakDetector - -Dio.netty.leakDetection.targetRecords: 4
23:01:38.605 [main] DEBUG io.netty.util.ResourceLeakDetectorFactory - Loaded default ResourceLeakDetector: io.netty.util.ResourceLeakDetector@4c4f4365
23:01:38.629 [main] DEBUG io.netty.util.internal.PlatformDependent0 - -Dio.netty.noUnsafe: false
23:01:38.629 [main] DEBUG io.netty.util.internal.PlatformDependent0 - Java version: 17
23:01:38.631 [main] DEBUG io.netty.util.internal.PlatformDependent0 - sun.misc.Unsafe.theUnsafe: available
23:01:38.632 [main] DEBUG io.netty.util.internal.PlatformDependent0 - sun.misc.Unsafe.copyMemory: available
23:01:38.633 [main] DEBUG io.netty.util.internal.PlatformDependent0 - sun.misc.Unsafe.storeFence: available
23:01:38.633 [main] DEBUG io.netty.util.internal.PlatformDependent0 - java.nio.Buffer.address: available
23:01:38.635 [main] DEBUG io.netty.util.internal.PlatformDependent0 - direct buffer constructor: unavailable: Reflective setAccessible(true) disabled
23:01:38.636 [main] DEBUG io.netty.util.internal.PlatformDependent0 - java.nio.Bits.unaligned: available, true
23:01:38.637 [main] DEBUG io.netty.util.internal.PlatformDependent0 - jdk.internal.misc.Unsafe.allocateUninitializedArray(int): unavailable: class io.netty.util.internal.PlatformDependent0$7 cannot access class jdk.internal.misc.Unsafe (in module java.base) because module java.base does not export jdk.internal.misc to unnamed module @2096442d
23:01:38.639 [main] DEBUG io.netty.util.internal.PlatformDependent0 - java.nio.DirectByteBuffer.<init>(long, int): unavailable
23:01:38.639 [main] DEBUG io.netty.util.internal.PlatformDependent - sun.misc.Unsafe: available
23:01:38.640 [main] DEBUG io.netty.util.internal.PlatformDependent - maxDirectMemory: 2105540608 bytes (maybe)
23:01:38.640 [main] DEBUG io.netty.util.internal.PlatformDependent - -Dio.netty.tmpdir: C:\Users\Asif\AppData\Local\Temp (java.io.tmpdir)
23:01:38.640 [main] DEBUG io.netty.util.internal.PlatformDependent - -Dio.netty.bitMode: 64 (sun.arch.data.model)
23:01:38.640 [main] DEBUG io.netty.util.internal.PlatformDependent - Platform: Windows
23:01:38.641 [main] DEBUG io.netty.util.internal.PlatformDependent - -Dio.netty.maxDirectMemory: -1 bytes
23:01:38.641 [main] DEBUG io.netty.util.internal.PlatformDependent - -Dio.netty.uninitializedArrayAllocationThreshold: -1
23:01:38.642 [main] DEBUG io.netty.util.internal.CleanerJava9 - java.nio.ByteBuffer.cleaner(): available
23:01:38.643 [main] DEBUG io.netty.util.internal.PlatformDependent - -Dio.netty.noPreferDirect: false
23:01:38.651 [main] DEBUG io.netty.util.internal.PlatformDependent - org.jctools-core.MpscChunkedArrayQueue: available
23:01:38.674 [main] DEBUG io.netty.util.internal.InternalThreadLocalMap - -Dio.netty.threadLocalMap.stringBuilder.initialSize: 1024
23:01:38.674 [main] DEBUG io.netty.util.internal.InternalThreadLocalMap - -Dio.netty.threadLocalMap.stringBuilder.maxSize: 4096
23:01:38.771 [main] DEBUG io.netty.handler.ssl.JdkSslContext - Default protocols (JDK): [TLSv1.3, TLSv1.2] 
23:01:38.772 [main] DEBUG io.netty.handler.ssl.JdkSslContext - Default cipher suites (JDK): [TLS_ECDHE_ECDSA_WITH_AES_256_GCM_SHA384, TLS_ECDHE_ECDSA_WITH_AES_128_GCM_SHA256, TLS_ECDHE_RSA_WITH_AES_128_GCM_SHA256, TLS_ECDHE_RSA_WITH_AES_256_GCM_SHA384, TLS_ECDHE_RSA_WITH_AES_128_CBC_SHA, TLS_ECDHE_RSA_WITH_AES_256_CBC_SHA, TLS_RSA_WITH_AES_128_GCM_SHA256, TLS_RSA_WITH_AES_128_CBC_SHA, TLS_RSA_WITH_AES_256_CBC_SHA, TLS_AES_128_GCM_SHA256, TLS_AES_256_GCM_SHA384]
23:01:38.820 [main] DEBUG io.netty.channel.MultithreadEventLoopGroup - -Dio.netty.eventLoopThreads: 16
23:01:38.835 [main] DEBUG io.netty.channel.nio.NioEventLoop - -Dio.netty.noKeySetOptimization: false
23:01:38.835 [main] DEBUG io.netty.channel.nio.NioEventLoop - -Dio.netty.selectorAutoRebuildThreshold: 512
23:01:38.910 [main] DEBUG io.netty.buffer.PooledByteBufAllocator - -Dio.netty.allocator.numHeapArenas: 16
23:01:38.910 [main] DEBUG io.netty.buffer.PooledByteBufAllocator - -Dio.netty.allocator.numDirectArenas: 16
23:01:38.910 [main] DEBUG io.netty.buffer.PooledByteBufAllocator - -Dio.netty.allocator.pageSize: 8192
23:01:38.911 [main] DEBUG io.netty.buffer.PooledByteBufAllocator - -Dio.netty.allocator.maxOrder: 9
23:01:38.911 [main] DEBUG io.netty.buffer.PooledByteBufAllocator - -Dio.netty.allocator.chunkSize: 4194304
23:01:38.911 [main] DEBUG io.netty.buffer.PooledByteBufAllocator - -Dio.netty.allocator.smallCacheSize: 256
23:01:38.911 [main] DEBUG io.netty.buffer.PooledByteBufAllocator - -Dio.netty.allocator.normalCacheSize: 64
23:01:38.911 [main] DEBUG io.netty.buffer.PooledByteBufAllocator - -Dio.netty.allocator.maxCachedBufferCapacity: 32768
23:01:38.911 [main] DEBUG io.netty.buffer.PooledByteBufAllocator - -Dio.netty.allocator.cacheTrimInterval: 8192
23:01:38.911 [main] DEBUG io.netty.buffer.PooledByteBufAllocator - -Dio.netty.allocator.cacheTrimIntervalMillis: 0
23:01:38.911 [main] DEBUG io.netty.buffer.PooledByteBufAllocator - -Dio.netty.allocator.useCacheForAllThreads: false
23:01:38.911 [main] DEBUG io.netty.buffer.PooledByteBufAllocator - -Dio.netty.allocator.maxCachedByteBuffersPerChunk: 1023
23:01:38.924 [main] DEBUG io.netty.buffer.ByteBufUtil - -Dio.netty.allocator.type: pooled
23:01:38.924 [main] DEBUG io.netty.buffer.ByteBufUtil - -Dio.netty.threadLocalDirectBufferSize: 0
23:01:38.924 [main] DEBUG io.netty.buffer.ByteBufUtil - -Dio.netty.maxThreadLocalCharBufferSize: 16384
23:01:39.405 [Forwarding newSession on session null to remote] DEBUG io.netty.channel.DefaultChannelId - -Dio.netty.processId: 25512 (auto-detected)
23:01:39.410 [Forwarding newSession on session null to remote] DEBUG io.netty.util.NetUtil - -Djava.net.preferIPv4Stack: false
23:01:39.410 [Forwarding newSession on session null to remote] DEBUG io.netty.util.NetUtil - -Djava.net.preferIPv6Addresses: false
23:01:39.424 [Forwarding newSession on session null to remote] DEBUG io.netty.util.NetUtilInitializations - Loopback interface: lo (Software Loopback Interface 1, 127.0.0.1)
23:01:39.425 [Forwarding newSession on session null to remote] DEBUG io.netty.util.NetUtil - Failed to get SOMAXCONN from sysctl and file \proc\sys\net\core\somaxconn. Default: 200
23:01:39.453 [Forwarding newSession on session null to remote] DEBUG io.netty.channel.DefaultChannelId - -Dio.netty.machineId: 28:3a:4d:ff:fe:78:1c:93 (auto-detected)
23:01:39.533 [AsyncHttpClient-1-2] DEBUG io.netty.buffer.AbstractByteBuf - -Dio.netty.buffer.checkAccessible: true
23:01:39.534 [AsyncHttpClient-1-2] DEBUG io.netty.buffer.AbstractByteBuf - -Dio.netty.buffer.checkBounds: true
23:01:39.534 [AsyncHttpClient-1-2] DEBUG io.netty.util.ResourceLeakDetectorFactory - Loaded default ResourceLeakDetector: io.netty.util.ResourceLeakDetector@7f4b4d1f
23:01:39.565 [AsyncHttpClient-1-2] DEBUG io.netty.util.Recycler - -Dio.netty.recycler.maxCapacityPerThread: 4096
23:01:39.566 [AsyncHttpClient-1-2] DEBUG io.netty.util.Recycler - -Dio.netty.recycler.ratio: 8
23:01:39.566 [AsyncHttpClient-1-2] DEBUG io.netty.util.Recycler - -Dio.netty.recycler.chunkSize: 32
23:01:39.566 [AsyncHttpClient-1-2] DEBUG io.netty.util.Recycler - -Dio.netty.recycler.blocking: false
23:01:41.105 [AsyncHttpClient-1-2] DEBUG io.netty.handler.codec.compression.Brotli - brotli4j not in the classpath; Brotli support will be unavailable.
23:01:41.523 [main] DEBUG io.netty.util.internal.ThreadLocalRandom - -Dio.netty.initialSeedUniquifier: 0xb973079c33552340
23:01:45.265 [main] DEBUG testCase.TC_001_AccountRegistrationTest - application logs......
23:01:45.266 [main] INFO  testCase.TC_001_AccountRegistrationTest - ***  Starting TC_001_AccountRegistrationTest ***
23:01:45.999 [main] INFO  testCase.TC_001_AccountRegistrationTest - Clicked on My account link
23:01:46.958 [main] INFO  testCase.TC_001_AccountRegistrationTest - Clicked on register link
23:01:46.963 [main] INFO  testCase.TC_001_AccountRegistrationTest - Providing customer data
23:01:51.032 [main] INFO  testCase.TC_001_AccountRegistrationTest - Clicked on continue
23:01:51.134 [main] INFO  testCase.TC_001_AccountRegistrationTest - Validating expected message
23:01:51.140 [main] INFO  testCase.TC_001_AccountRegistrationTest - ***  Finished TC_001_AccountRegistrationTest ***
23:03:37.478 [main] INFO  testCase.TC_001_AccountRegistrationTest - ***  Starting TC_001_AccountRegistrationTest ***
23:03:37.664 [main] INFO  testCase.TC_001_AccountRegistrationTest - Clicked on My account link
23:03:38.377 [main] INFO  testCase.TC_001_AccountRegistrationTest - Clicked on register link
23:03:38.381 [main] INFO  testCase.TC_001_AccountRegistrationTest - Providing customer data
23:03:41.916 [main] INFO  testCase.TC_001_AccountRegistrationTest - Clicked on continue
23:03:41.987 [main] INFO  testCase.TC_001_AccountRegistrationTest - Validating expected message
23:03:41.991 [main] INFO  testCase.TC_001_AccountRegistrationTest - ***  Finished TC_001_AccountRegistrationTest ***
00:22:05.737 [main] INFO  testCase.TC_001_AccountRegistrationTest - ***  Starting TC_001_AccountRegistrationTest ***
00:22:05.877 [main] INFO  testCase.TC_001_AccountRegistrationTest - Clicked on My account link
00:22:06.550 [main] INFO  testCase.TC_001_AccountRegistrationTest - Clicked on register link
00:22:06.553 [main] INFO  testCase.TC_001_AccountRegistrationTest - Providing customer data
00:22:09.523 [main] INFO  testCase.TC_001_AccountRegistrationTest - Clicked on continue
00:22:09.576 [main] INFO  testCase.TC_001_AccountRegistrationTest - Validating expected message
00:22:09.578 [main] INFO  testCase.TC_001_AccountRegistrationTest - ***  Finished TC_001_AccountRegistrationTest ***
00:23:03.574 [main] INFO  testCase.TC_001_AccountRegistrationTest - ***  Starting TC_001_AccountRegistrationTest ***
00:23:03.680 [main] INFO  testCase.TC_001_AccountRegistrationTest - Clicked on My account link
00:23:04.159 [main] INFO  testCase.TC_001_AccountRegistrationTest - Clicked on register link
00:23:04.162 [main] INFO  testCase.TC_001_AccountRegistrationTest - Providing customer data
00:23:07.161 [main] INFO  testCase.TC_001_AccountRegistrationTest - Clicked on continue
00:23:07.213 [main] INFO  testCase.TC_001_AccountRegistrationTest - Validating expected message
00:23:07.216 [main] INFO  testCase.TC_001_AccountRegistrationTest - ***  Finished TC_001_AccountRegistrationTest ***
01:00:12.259 [main] INFO  testCase.TC_001_AccountRegistrationTest - ***  Starting TC_001_AccountRegistrationTest ***
01:00:12.674 [main] INFO  testCase.TC_001_AccountRegistrationTest - Clicked on My account link
01:00:13.226 [main] INFO  testCase.TC_001_AccountRegistrationTest - Clicked on register link
01:00:13.230 [main] INFO  testCase.TC_001_AccountRegistrationTest - Providing customer data
01:00:16.244 [main] INFO  testCase.TC_001_AccountRegistrationTest - Clicked on continue
01:00:16.293 [main] INFO  testCase.TC_001_AccountRegistrationTest - Validating expected message
01:00:16.296 [main] INFO  testCase.TC_001_AccountRegistrationTest - ***  Finished TC_001_AccountRegistrationTest ***
01:20:48.597 [main] INFO  testCase.TC_001_AccountRegistrationTest - ***  Starting TC_001_AccountRegistrationTest ***
01:20:48.996 [main] INFO  testCase.TC_001_AccountRegistrationTest - Clicked on My account link
01:20:49.624 [main] INFO  testCase.TC_001_AccountRegistrationTest - Clicked on register link
01:20:49.628 [main] INFO  testCase.TC_001_AccountRegistrationTest - Providing customer data
01:20:52.570 [main] INFO  testCase.TC_001_AccountRegistrationTest - Clicked on continue
01:20:52.607 [main] INFO  testCase.TC_001_AccountRegistrationTest - Validating expected message
01:20:52.610 [main] INFO  testCase.TC_001_AccountRegistrationTest - ***  Finished TC_001_AccountRegistrationTest ***
01:21:10.223 [main] INFO  testCase.TC_001_AccountRegistrationTest - ***  Starting TC_001_AccountRegistrationTest ***
01:21:10.393 [main] INFO  testCase.TC_001_AccountRegistrationTest - Clicked on My account link
01:21:10.966 [main] INFO  testCase.TC_001_AccountRegistrationTest - Clicked on register link
01:21:10.970 [main] INFO  testCase.TC_001_AccountRegistrationTest - Providing customer data
01:21:13.968 [main] INFO  testCase.TC_001_AccountRegistrationTest - Clicked on continue
01:21:14.019 [main] INFO  testCase.TC_001_AccountRegistrationTest - Validating expected message
01:21:14.021 [main] INFO  testCase.TC_001_AccountRegistrationTest - ***  Finished TC_001_AccountRegistrationTest ***
01:21:35.886 [main] INFO  testCase.TC_001_AccountRegistrationTest - ***  Starting TC_001_AccountRegistrationTest ***
01:21:36.494 [main] INFO  testCase.TC_001_AccountRegistrationTest - Clicked on My account link
01:21:36.970 [main] INFO  testCase.TC_001_AccountRegistrationTest - Clicked on register link
01:21:36.974 [main] INFO  testCase.TC_001_AccountRegistrationTest - Providing customer data
01:21:39.886 [main] INFO  testCase.TC_001_AccountRegistrationTest - Clicked on continue
01:21:39.911 [main] INFO  testCase.TC_001_AccountRegistrationTest - Validating expected message
01:21:39.914 [main] INFO  testCase.TC_001_AccountRegistrationTest - ***  Finished TC_001_AccountRegistrationTest ***
01:21:56.476 [main] INFO  testCase.TC_001_AccountRegistrationTest - ***  Starting TC_001_AccountRegistrationTest ***
01:21:56.750 [main] INFO  testCase.TC_001_AccountRegistrationTest - Clicked on My account link
01:21:57.378 [main] INFO  testCase.TC_001_AccountRegistrationTest - Clicked on register link
01:21:57.382 [main] INFO  testCase.TC_001_AccountRegistrationTest - Providing customer data
01:22:00.277 [main] INFO  testCase.TC_001_AccountRegistrationTest - Clicked on continue
01:22:00.303 [main] INFO  testCase.TC_001_AccountRegistrationTest - Validating expected message
01:22:00.306 [main] INFO  testCase.TC_001_AccountRegistrationTest - ***  Finished TC_001_AccountRegistrationTest ***
01:22:16.495 [main] INFO  testCase.TC_001_AccountRegistrationTest - ***  Starting TC_001_AccountRegistrationTest ***
01:22:16.772 [main] INFO  testCase.TC_001_AccountRegistrationTest - Clicked on My account link
01:22:17.499 [main] INFO  testCase.TC_001_AccountRegistrationTest - Clicked on register link
01:22:17.503 [main] INFO  testCase.TC_001_AccountRegistrationTest - Providing customer data
01:22:20.431 [main] INFO  testCase.TC_001_AccountRegistrationTest - Clicked on continue
01:22:20.451 [main] INFO  testCase.TC_001_AccountRegistrationTest - Validating expected message
01:22:20.455 [main] INFO  testCase.TC_001_AccountRegistrationTest - ***  Finished TC_001_AccountRegistrationTest ***
01:26:20.256 [main] INFO  testCase.TC_001_AccountRegistrationTest - ***  Starting TC_001_AccountRegistrationTest ***
01:26:20.837 [main] INFO  testCase.TC_001_AccountRegistrationTest - Clicked on My account link
01:26:21.401 [main] INFO  testCase.TC_001_AccountRegistrationTest - Clicked on register link
01:26:21.405 [main] INFO  testCase.TC_001_AccountRegistrationTest - Providing customer data
01:26:24.826 [main] INFO  testCase.TC_001_AccountRegistrationTest - Clicked on continue
01:26:24.876 [main] INFO  testCase.TC_001_AccountRegistrationTest - Validating expected message
01:26:24.879 [main] INFO  testCase.TC_001_AccountRegistrationTest - ***  Finished TC_001_AccountRegistrationTest ***
01:36:04.856 [TestNG-tests-2] INFO  testCase.TC_001_AccountRegistrationTest - ***  Starting TC_001_AccountRegistrationTest ***
01:36:05.394 [TestNG-tests-2] INFO  testCase.TC_001_AccountRegistrationTest - Clicked on My account link
01:36:06.114 [TestNG-tests-1] INFO  testCase.TC_001_AccountRegistrationTest - ***  Starting TC_001_AccountRegistrationTest ***
01:36:06.248 [TestNG-tests-1] INFO  testCase.TC_001_AccountRegistrationTest - Clicked on My account link
01:36:06.576 [TestNG-tests-2] INFO  testCase.TC_001_AccountRegistrationTest - Clicked on register link
01:36:06.581 [TestNG-tests-2] INFO  testCase.TC_001_AccountRegistrationTest - Providing customer data
01:36:06.963 [TestNG-tests-1] INFO  testCase.TC_001_AccountRegistrationTest - Clicked on register link
01:36:06.965 [TestNG-tests-1] INFO  testCase.TC_001_AccountRegistrationTest - Providing customer data
01:36:10.158 [TestNG-tests-2] INFO  testCase.TC_001_AccountRegistrationTest - Clicked on continue
01:36:10.202 [TestNG-tests-2] INFO  testCase.TC_001_AccountRegistrationTest - Validating expected message
01:36:10.204 [TestNG-tests-2] INFO  testCase.TC_001_AccountRegistrationTest - ***  Finished TC_001_AccountRegistrationTest ***
01:36:10.412 [TestNG-tests-1] INFO  testCase.TC_001_AccountRegistrationTest - Clicked on continue
01:36:10.466 [TestNG-tests-1] INFO  testCase.TC_001_AccountRegistrationTest - Validating expected message
01:36:10.466 [TestNG-tests-1] INFO  testCase.TC_001_AccountRegistrationTest - ***  Finished TC_001_AccountRegistrationTest ***
02:00:20.207 [main] INFO  testCase.TC_001_AccountRegistrationTest - ***  Starting TC_001_AccountRegistrationTest ***
02:00:20.372 [main] INFO  testCase.TC_001_AccountRegistrationTest - Clicked on My account link
02:00:20.956 [main] INFO  testCase.TC_001_AccountRegistrationTest - Clicked on register link
02:00:20.962 [main] INFO  testCase.TC_001_AccountRegistrationTest - Providing customer data
02:00:23.848 [main] INFO  testCase.TC_001_AccountRegistrationTest - Clicked on continue
02:00:23.891 [main] INFO  testCase.TC_001_AccountRegistrationTest - Validating expected message
02:00:23.892 [main] INFO  testCase.TC_001_AccountRegistrationTest - ***  Finished TC_001_AccountRegistrationTest ***
05:10:27.723 [main] INFO  testCase.TC_001_AccountRegistrationTest - ***  Starting TC_001_AccountRegistrationTest ***
05:10:28.081 [main] INFO  testCase.TC_001_AccountRegistrationTest - Clicked on My account link
05:10:28.726 [main] INFO  testCase.TC_001_AccountRegistrationTest - Clicked on register link
05:10:28.731 [main] INFO  testCase.TC_001_AccountRegistrationTest - Providing customer data
05:10:31.946 [main] INFO  testCase.TC_001_AccountRegistrationTest - Clicked on continue
05:10:31.984 [main] INFO  testCase.TC_001_AccountRegistrationTest - Validating expected message
05:10:31.986 [main] INFO  testCase.TC_001_AccountRegistrationTest - ***  Finished TC_001_AccountRegistrationTest ***
05:18:23.521 [main] INFO  testCase.TC_001_AccountRegistrationTest - ***  Starting TC_001_AccountRegistrationTest ***
05:18:24.057 [main] INFO  testCase.TC_001_AccountRegistrationTest - Clicked on My account link
05:18:24.762 [main] INFO  testCase.TC_001_AccountRegistrationTest - Clicked on register link
05:18:24.765 [main] INFO  testCase.TC_001_AccountRegistrationTest - Providing customer data
05:18:25.638 [main] INFO  testCase.TC_001_AccountRegistrationTest - Clicked on continue
05:18:35.647 [main] INFO  testCase.TC_001_AccountRegistrationTest - Validating expected message
05:25:25.396 [main] INFO  testCase.TC_001_AccountRegistrationTest - ***  Starting TC_001_AccountRegistrationTest ***
05:25:25.537 [main] INFO  testCase.TC_001_AccountRegistrationTest - Clicked on My account link
05:25:25.906 [main] INFO  testCase.TC_001_AccountRegistrationTest - Clicked on register link
05:25:25.911 [main] INFO  testCase.TC_001_AccountRegistrationTest - Providing customer data
05:25:26.934 [main] INFO  testCase.TC_001_AccountRegistrationTest - Clicked on continue
05:25:37.013 [main] INFO  testCase.TC_001_AccountRegistrationTest - Validating expected message
05:27:26.619 [main] INFO  testCase.TC_001_AccountRegistrationTest - ***  Starting TC_001_AccountRegistrationTest ***
05:27:26.981 [main] INFO  testCase.TC_001_AccountRegistrationTest - Clicked on My account link
05:27:27.446 [main] INFO  testCase.TC_001_AccountRegistrationTest - Clicked on register link
05:27:27.451 [main] INFO  testCase.TC_001_AccountRegistrationTest - Providing customer data
05:27:28.399 [main] INFO  testCase.TC_001_AccountRegistrationTest - Clicked on continue
05:27:38.484 [main] INFO  testCase.TC_001_AccountRegistrationTest - Validating expected message
19:21:40.056 [main] INFO  testCase.TC_002_LoginTest - Starting TC_002_LoginTest
19:21:40.976 [main] INFO  testCase.TC_002_LoginTest - clicked on my account
19:21:41.596 [main] INFO  testCase.TC_002_LoginTest - clicked on login
19:21:41.600 [main] INFO  testCase.TC_002_LoginTest - providing login details
19:21:42.176 [main] INFO  testCase.TC_002_LoginTest - clicked on login button
19:21:42.246 [main] INFO  testCase.TC_002_LoginTest -  Finished TC_002_LoginTest
22:14:07.798 [main] INFO  testCase.TC_003_LoginDataDrivenTest -  Starting TC_003_LoginDataDrivenTest 
22:14:19.643 [main] INFO  testCase.TC_003_LoginDataDrivenTest -  Finished TC_003_LoginDataDrivenTest
22:14:19.674 [main] INFO  testCase.TC_003_LoginDataDrivenTest -  Starting TC_003_LoginDataDrivenTest 
22:14:30.437 [main] INFO  testCase.TC_003_LoginDataDrivenTest -  Finished TC_003_LoginDataDrivenTest
22:14:30.437 [main] INFO  testCase.TC_003_LoginDataDrivenTest -  Starting TC_003_LoginDataDrivenTest 
22:14:41.303 [main] INFO  testCase.TC_003_LoginDataDrivenTest -  Finished TC_003_LoginDataDrivenTest
22:14:41.303 [main] INFO  testCase.TC_003_LoginDataDrivenTest -  Starting TC_003_LoginDataDrivenTest 
22:14:52.152 [main] INFO  testCase.TC_003_LoginDataDrivenTest -  Finished TC_003_LoginDataDrivenTest
22:14:52.152 [main] INFO  testCase.TC_003_LoginDataDrivenTest -  Starting TC_003_LoginDataDrivenTest 
22:14:53.617 [main] INFO  testCase.TC_003_LoginDataDrivenTest -  Finished TC_003_LoginDataDrivenTest
03:03:25.278 [main] INFO  testCase.TC_002_LoginTest - Starting TC_002_LoginTest
03:03:27.704 [main] INFO  testCase.TC_002_LoginTest -  Finished TC_002_LoginTest
03:16:32.701 [main] INFO  testCase.TC_002_LoginTest - Starting TC_002_LoginTest
03:16:57.154 [main] INFO  testCase.TC_002_LoginTest - Starting TC_002_LoginTest
03:17:44.534 [main] INFO  testCase.TC_002_LoginTest - Starting TC_002_LoginTest
03:19:04.411 [main] INFO  testCase.TC_002_LoginTest - Starting TC_002_LoginTest
03:19:54.363 [main] INFO  testCase.TC_002_LoginTest - Starting TC_002_LoginTest
03:22:15.319 [main] INFO  testCase.TC_002_LoginTest - Starting TC_002_LoginTest
03:24:27.668 [main] INFO  testCase.TC_002_LoginTest - Starting TC_002_LoginTest
03:26:53.589 [main] INFO  testCase.TC_002_LoginTest - Starting TC_002_LoginTest
03:28:00.624 [main] INFO  testCase.TC_002_LoginTest - Starting TC_002_LoginTest
03:30:11.061 [main] INFO  testCase.TC_002_LoginTest - Starting TC_002_LoginTest
03:31:27.775 [main] INFO  testCase.TC_002_LoginTest - Starting TC_002_LoginTest
03:32:04.700 [main] INFO  testCase.TC_002_LoginTest - Starting TC_002_LoginTest
03:33:46.882 [main] INFO  testCase.TC_002_LoginTest - Starting TC_002_LoginTest
03:34:21.847 [main] INFO  testCase.TC_002_LoginTest - Starting TC_002_LoginTest
04:03:06.002 [main] INFO  testCase.TC_002_LoginTest - Starting TC_002_LoginTest
04:11:16.237 [main] INFO  testCase.TC_002_LoginTest - Starting TC_002_LoginTest
04:38:59.882 [main] INFO  testCase.TC_002_LoginTest - Starting TC_002_LoginTest
15:44:18.064 [main] INFO  testCase.TC_002_LoginTest - Starting TC_002_LoginTest
03:41:04.542 [main] INFO  testCase.TC_002_LoginTest - Starting TC_002_LoginTest
03:41:05.357 [main] INFO  testCase.TC_002_LoginTest - Clicked on My account link
03:41:06.826 [main] INFO  testCase.TC_002_LoginTest - Clicked on My login link
03:41:06.828 [main] INFO  testCase.TC_002_LoginTest - providing login details
03:41:07.991 [main] INFO  testCase.TC_002_LoginTest - Clicked on login button
03:41:08.047 [main] INFO  testCase.TC_002_LoginTest -  Finished TC_002_LoginTest
04:47:04.274 [main] INFO  testCase.TC_003_LoginDDT -  Starting TC_003_LoginDataDrivenTest 
04:47:16.975 [main] INFO  testCase.TC_003_LoginDDT -  Finished TC_003_LoginDataDrivenTest
04:47:17.001 [main] INFO  testCase.TC_003_LoginDDT -  Starting TC_003_LoginDataDrivenTest 
04:47:28.160 [main] INFO  testCase.TC_003_LoginDDT -  Finished TC_003_LoginDataDrivenTest
04:47:28.160 [main] INFO  testCase.TC_003_LoginDDT -  Starting TC_003_LoginDataDrivenTest 
04:47:39.129 [main] INFO  testCase.TC_003_LoginDDT -  Finished TC_003_LoginDataDrivenTest
04:47:39.129 [main] INFO  testCase.TC_003_LoginDDT -  Starting TC_003_LoginDataDrivenTest 
04:47:50.122 [main] INFO  testCase.TC_003_LoginDDT -  Finished TC_003_LoginDataDrivenTest
04:47:50.122 [main] INFO  testCase.TC_003_LoginDDT -  Starting TC_003_LoginDataDrivenTest 
04:47:51.688 [main] INFO  testCase.TC_003_LoginDDT -  Finished TC_003_LoginDataDrivenTest
06:26:27.706 [main] INFO  testCase.TC_003_LoginDDT -  Starting TC_003_LoginDataDrivenTest 
06:26:39.476 [main] INFO  testCase.TC_003_LoginDDT -  Finished TC_003_LoginDataDrivenTest
06:26:39.506 [main] INFO  testCase.TC_003_LoginDDT -  Starting TC_003_LoginDataDrivenTest 
06:26:51.107 [main] INFO  testCase.TC_003_LoginDDT -  Finished TC_003_LoginDataDrivenTest
06:26:51.112 [main] INFO  testCase.TC_003_LoginDDT -  Starting TC_003_LoginDataDrivenTest 
06:27:02.342 [main] INFO  testCase.TC_003_LoginDDT -  Finished TC_003_LoginDataDrivenTest
06:27:02.342 [main] INFO  testCase.TC_003_LoginDDT -  Starting TC_003_LoginDataDrivenTest 
06:27:13.234 [main] INFO  testCase.TC_003_LoginDDT -  Finished TC_003_LoginDataDrivenTest
06:27:13.242 [main] INFO  testCase.TC_003_LoginDDT -  Starting TC_003_LoginDataDrivenTest 
06:27:14.841 [main] INFO  testCase.TC_003_LoginDDT -  Finished TC_003_LoginDataDrivenTest
07:03:02.009 [main] INFO  testCase.TC_002_LoginTest - Starting TC_002_LoginTest
07:03:02.884 [main] INFO  testCase.TC_002_LoginTest - Clicked on My account link
07:03:04.821 [main] INFO  testCase.TC_002_LoginTest - Clicked on My login link
07:03:04.824 [main] INFO  testCase.TC_002_LoginTest - providing login details
07:03:06.018 [main] INFO  testCase.TC_002_LoginTest - Clicked on login button
07:03:06.087 [main] INFO  testCase.TC_002_LoginTest -  Finished TC_002_LoginTest
07:04:01.939 [main] INFO  testCase.TC_001_AccountRegistrationtTest - Strating TC_001_AccountRegistrationtTest
07:04:02.249 [main] INFO  testCase.TC_001_AccountRegistrationtTest - Clicked on My Account 
07:04:02.992 [main] INFO  testCase.TC_001_AccountRegistrationtTest - Clicked on Register 
07:04:03.105 [main] INFO  testCase.TC_001_AccountRegistrationtTest - Provided First Name 
07:04:03.184 [main] INFO  testCase.TC_001_AccountRegistrationtTest - Provided Last Name 
07:04:03.281 [main] INFO  testCase.TC_001_AccountRegistrationtTest - Provided Email 
07:04:03.367 [main] INFO  testCase.TC_001_AccountRegistrationtTest - Provided Telephone 
07:04:03.439 [main] INFO  testCase.TC_001_AccountRegistrationtTest - Provided Password 
07:04:03.522 [main] INFO  testCase.TC_001_AccountRegistrationtTest - Provided Confrmed Password 
07:04:03.576 [main] INFO  testCase.TC_001_AccountRegistrationtTest - Set Privacy Policy 
07:04:06.201 [main] INFO  testCase.TC_001_AccountRegistrationtTest - Clicked on Continue 
07:04:08.255 [main] INFO  testCase.TC_001_AccountRegistrationtTest - Finished TC_001_AccountRegistrationtTest
07:04:10.889 [main] INFO  testCase.TC_002_LoginTest - Starting TC_002_LoginTest
07:04:11.259 [main] INFO  testCase.TC_002_LoginTest - Clicked on My account link
07:04:11.684 [main] INFO  testCase.TC_002_LoginTest - Clicked on My login link
07:04:11.689 [main] INFO  testCase.TC_002_LoginTest - providing login details
07:04:12.269 [main] INFO  testCase.TC_002_LoginTest - Clicked on login button
07:04:12.327 [main] INFO  testCase.TC_002_LoginTest -  Finished TC_002_LoginTest
07:15:05.275 [main] INFO  testCase.TC_003_LoginDDT -  Starting TC_003_LoginDataDrivenTest 
07:15:16.683 [main] INFO  testCase.TC_003_LoginDDT -  Finished TC_003_LoginDataDrivenTest
07:15:16.712 [main] INFO  testCase.TC_003_LoginDDT -  Starting TC_003_LoginDataDrivenTest 
07:15:28.287 [main] INFO  testCase.TC_003_LoginDDT -  Finished TC_003_LoginDataDrivenTest
07:15:28.287 [main] INFO  testCase.TC_003_LoginDDT -  Starting TC_003_LoginDataDrivenTest 
07:15:39.118 [main] INFO  testCase.TC_003_LoginDDT -  Finished TC_003_LoginDataDrivenTest
07:15:39.118 [main] INFO  testCase.TC_003_LoginDDT -  Starting TC_003_LoginDataDrivenTest 
07:15:49.997 [main] INFO  testCase.TC_003_LoginDDT -  Finished TC_003_LoginDataDrivenTest
07:15:49.997 [main] INFO  testCase.TC_003_LoginDDT -  Starting TC_003_LoginDataDrivenTest 
07:15:51.276 [main] INFO  testCase.TC_003_LoginDDT -  Finished TC_003_LoginDataDrivenTest
15:54:51.091 [main] INFO  testCase.TC_003_LoginDDT -  Starting TC_003_LoginDataDrivenTest 
15:55:02.383 [main] INFO  testCase.TC_003_LoginDDT -  Finished TC_003_LoginDataDrivenTest
15:55:02.393 [main] INFO  testCase.TC_003_LoginDDT -  Starting TC_003_LoginDataDrivenTest 
15:55:13.261 [main] INFO  testCase.TC_003_LoginDDT -  Finished TC_003_LoginDataDrivenTest
15:55:13.262 [main] INFO  testCase.TC_003_LoginDDT -  Starting TC_003_LoginDataDrivenTest 
15:55:24.550 [main] INFO  testCase.TC_003_LoginDDT -  Finished TC_003_LoginDataDrivenTest
15:55:24.552 [main] INFO  testCase.TC_003_LoginDDT -  Starting TC_003_LoginDataDrivenTest 
15:55:35.440 [main] INFO  testCase.TC_003_LoginDDT -  Finished TC_003_LoginDataDrivenTest
15:55:35.442 [main] INFO  testCase.TC_003_LoginDDT -  Starting TC_003_LoginDataDrivenTest 
15:55:37.159 [main] INFO  testCase.TC_003_LoginDDT -  Finished TC_003_LoginDataDrivenTest
16:34:53.378 [main] INFO  testCase.TC_003_LoginDDT -  Starting TC_003_LoginDataDrivenTest 
16:35:05.067 [main] INFO  testCase.TC_003_LoginDDT -  Finished TC_003_LoginDataDrivenTest
16:35:05.088 [main] INFO  testCase.TC_003_LoginDDT -  Starting TC_003_LoginDataDrivenTest 
16:35:16.578 [main] INFO  testCase.TC_003_LoginDDT -  Finished TC_003_LoginDataDrivenTest
16:35:16.578 [main] INFO  testCase.TC_003_LoginDDT -  Starting TC_003_LoginDataDrivenTest 
16:35:27.759 [main] INFO  testCase.TC_003_LoginDDT -  Finished TC_003_LoginDataDrivenTest
16:35:27.759 [main] INFO  testCase.TC_003_LoginDDT -  Starting TC_003_LoginDataDrivenTest 
16:35:38.611 [main] INFO  testCase.TC_003_LoginDDT -  Finished TC_003_LoginDataDrivenTest
16:35:38.611 [main] INFO  testCase.TC_003_LoginDDT -  Starting TC_003_LoginDataDrivenTest 
16:35:40.058 [main] INFO  testCase.TC_003_LoginDDT -  Finished TC_003_LoginDataDrivenTest
19:48:10.312 [main] INFO  testCase.TC_003_LoginDDT -  Starting TC_003_LoginDataDrivenTest 
19:48:22.064 [main] INFO  testCase.TC_003_LoginDDT -  Finished TC_003_LoginDataDrivenTest
19:48:22.083 [main] INFO  testCase.TC_003_LoginDDT -  Starting TC_003_LoginDataDrivenTest 
19:48:33.714 [main] INFO  testCase.TC_003_LoginDDT -  Finished TC_003_LoginDataDrivenTest
19:48:33.714 [main] INFO  testCase.TC_003_LoginDDT -  Starting TC_003_LoginDataDrivenTest 
19:48:45.302 [main] INFO  testCase.TC_003_LoginDDT -  Finished TC_003_LoginDataDrivenTest
19:48:45.302 [main] INFO  testCase.TC_003_LoginDDT -  Starting TC_003_LoginDataDrivenTest 
19:48:56.836 [main] INFO  testCase.TC_003_LoginDDT -  Finished TC_003_LoginDataDrivenTest
19:48:56.836 [main] INFO  testCase.TC_003_LoginDDT -  Starting TC_003_LoginDataDrivenTest 
19:48:59.600 [main] INFO  testCase.TC_003_LoginDDT -  Finished TC_003_LoginDataDrivenTest
